<?xml version="1.0" encoding="UTF-8"?><testsuite errors="0" failures="0" name="ElefantTestWebSite.features.search.quickTests.CartQuickTests" skipped="0" tests="3" time="41.55" timestamp="2019-04-21T22:22:31.117981900+03:00[Europe/Athens]"><testcase classname="ElefantTestWebSite.features.search.quickTests.CartQuickTests" name="Click empty cart"/><testcase classname="ElefantTestWebSite.features.search.quickTests.CartQuickTests" name="Add item to cart and imediatelly open cart"/><testcase classname="ElefantTestWebSite.features.search.quickTests.CartQuickTests" name="Add item to cart"/></testsuite>