<?xml version="1.0" encoding="UTF-8"?><testsuite errors="0" failures="0" name="ElefantTestWebSite.features.search.quickTests.TabMenuQuickTests" skipped="0" tests="2" time="264.69" timestamp="2019-04-24T23:03:54.517312300+03:00[Europe/Athens]"><testcase classname="ElefantTestWebSite.features.search.quickTests.TabMenuQuickTests" name="Observe ui when tab clicked"/><testcase classname="ElefantTestWebSite.features.search.quickTests.TabMenuQuickTests" name="Repeat click tab menu and item"/></testsuite>