<?xml version="1.0" encoding="UTF-8"?><testsuite errors="1" failures="0" name="ElefantTestWebSite.features.search.scenarioTests.CartScenarioTests" skipped="0" tests="1" time="23.92" timestamp="2019-04-25T00:52:35.288224400+03:00[Europe/Athens]"><testcase classname="ElefantTestWebSite.features.search.scenarioTests.CartScenarioTests" name="Cart scenario test"><error message="The following error occurred: unknown error: Element &lt;a href=&quot;http://www.elefant.ro/cosmetice-si-parfumuri/parfumuri/apa-de-parfum/apa-de-parfum-chopard-wish-viiv-ml-pentru-femei-incolor-21402-355.html&quot; title=&quot;...&quot;&gt;Apa de parfum Chopard Wish, 75 ml, Pentru Femei&lt;/a&gt; is not clickable at point (390, 508). Other element would receive the click: &lt;p class=&quot;cc_message&quot;&gt;...&lt;/p&gt;&#10;  (Session info: chrome=74.0.3729.108)&#10;  (Driver info: chromedriver=72.0.3626.69 (3c16f8a135abc0d4da2dff33804db79b849a7c38),platform=Windows NT 10.0.17134 x86_64) (WARNING: The server did not provide any stacktrace information)&#10;Command duration or timeout: 0 milliseconds&#10;Build info: version: '3.7.1', revision: '8a0099a', time: '2017-11-06T21:01:39.354Z'&#10;System info: host: 'DESKTOP-3JVVQ81', ip: '10.152.4.137', os.name: 'Windows 10', os.arch: 'amd64', os.version: '10.0', java.version: '9.0.4'&#10;Driver info: org.openqa.selenium.remote.RemoteWebDriver&#10;Capabilities {acceptInsecureCerts: false, acceptSslCerts: false, applicationCacheEnabled: false, browserConnectionEnabled: false, browserName: chrome, chrome: {chromedriverVersion: 72.0.3626.69 (3c16f8a135abc..., userDataDir: C:\Users\Mirela\AppData\Loc...}, cssSelectorsEnabled: true, databaseEnabled: false, goog:chromeOptions: {debuggerAddress: localhost:61714}, handlesAlerts: true, hasTouchScreen: false, javascriptEnabled: true, locationContextEnabled: true, mobileEmulationEnabled: false, nativeEvents: true, networkConnectionEnabled: false, pageLoadStrategy: normal, platform: XP, platformName: XP, proxy: Proxy(), rotatable: false, setWindowRect: true, takesHeapSnapshot: true, takesScreenshot: true, timeouts: {implicit: 0, pageLoad: 300000, script: 30000}, unexpectedAlertBehaviour: ignore, unhandledPromptBehavior: ignore, version: 74.0.3729.108, webStorageEnabled: true}&#10;Session ID: fc944316a66eb93b22dc671a54f827bd" type="org.openqa.selenium.WebDriverException">The following error occurred: unknown error: Element &lt;a href="http://www.elefant.ro/cosmetice-si-parfumuri/parfumuri/apa-de-parfum/apa-de-parfum-chopard-wish-viiv-ml-pentru-femei-incolor-21402-355.html" title="..."&gt;Apa de parfum Chopard Wish, 75 ml, Pentru Femei&lt;/a&gt; is not clickable at point (390, 508). Other element would receive the click: &lt;p class="cc_message"&gt;...&lt;/p&gt;
  (Session info: chrome=74.0.3729.108)
  (Driver info: chromedriver=72.0.3626.69 (3c16f8a135abc0d4da2dff33804db79b849a7c38),platform=Windows NT 10.0.17134 x86_64) (WARNING: The server did not provide any stacktrace information)
Command duration or timeout: 0 milliseconds
Build info: version: '3.7.1', revision: '8a0099a', time: '2017-11-06T21:01:39.354Z'
System info: host: 'DESKTOP-3JVVQ81', ip: '10.152.4.137', os.name: 'Windows 10', os.arch: 'amd64', os.version: '10.0', java.version: '9.0.4'
Driver info: org.openqa.selenium.remote.RemoteWebDriver
Capabilities {acceptInsecureCerts: false, acceptSslCerts: false, applicationCacheEnabled: false, browserConnectionEnabled: false, browserName: chrome, chrome: {chromedriverVersion: 72.0.3626.69 (3c16f8a135abc..., userDataDir: C:\Users\Mirela\AppData\Loc...}, cssSelectorsEnabled: true, databaseEnabled: false, goog:chromeOptions: {debuggerAddress: localhost:61714}, handlesAlerts: true, hasTouchScreen: false, javascriptEnabled: true, locationContextEnabled: true, mobileEmulationEnabled: false, nativeEvents: true, networkConnectionEnabled: false, pageLoadStrategy: normal, platform: XP, platformName: XP, proxy: Proxy(), rotatable: false, setWindowRect: true, takesHeapSnapshot: true, takesScreenshot: true, timeouts: {implicit: 0, pageLoad: 300000, script: 30000}, unexpectedAlertBehaviour: ignore, unhandledPromptBehavior: ignore, version: 74.0.3729.108, webStorageEnabled: true}
Session ID: fc944316a66eb93b22dc671a54f827bd</error><system-err>The following error occurred: unknown error: Element &lt;a href="http://www.elefant.ro/cosmetice-si-parfumuri/parfumuri/apa-de-parfum/apa-de-parfum-chopard-wish-viiv-ml-pentru-femei-incolor-21402-355.html" title="..."&gt;Apa de parfum Chopard Wish, 75 ml, Pentru Femei&lt;/a&gt; is not clickable at point (390, 508). Other element would receive the click: &lt;p class="cc_message"&gt;...&lt;/p&gt;
  (Session info: chrome=74.0.3729.108)
  (Driver info: chromedriver=72.0.3626.69 (3c16f8a135abc0d4da2dff33804db79b849a7c38),platform=Windows NT 10.0.17134 x86_64) (WARNING: The server did not provide any stacktrace information)
Command duration or timeout: 0 milliseconds
Build info: version: '3.7.1', revision: '8a0099a', time: '2017-11-06T21:01:39.354Z'
System info: host: 'DESKTOP-3JVVQ81', ip: '10.152.4.137', os.name: 'Windows 10', os.arch: 'amd64', os.version: '10.0', java.version: '9.0.4'
Driver info: org.openqa.selenium.remote.RemoteWebDriver
Capabilities {acceptInsecureCerts: false, acceptSslCerts: false, applicationCacheEnabled: false, browserConnectionEnabled: false, browserName: chrome, chrome: {chromedriverVersion: 72.0.3626.69 (3c16f8a135abc..., userDataDir: C:\Users\Mirela\AppData\Loc...}, cssSelectorsEnabled: true, databaseEnabled: false, goog:chromeOptions: {debuggerAddress: localhost:61714}, handlesAlerts: true, hasTouchScreen: false, javascriptEnabled: true, locationContextEnabled: true, mobileEmulationEnabled: false, nativeEvents: true, networkConnectionEnabled: false, pageLoadStrategy: normal, platform: XP, platformName: XP, proxy: Proxy(), rotatable: false, setWindowRect: true, takesHeapSnapshot: true, takesScreenshot: true, timeouts: {implicit: 0, pageLoad: 300000, script: 30000}, unexpectedAlertBehaviour: ignore, unhandledPromptBehavior: ignore, version: 74.0.3729.108, webStorageEnabled: true}
Session ID: fc944316a66eb93b22dc671a54f827bd&#13;
java.base/jdk.internal.reflect.NativeConstructorAccessorImpl.newInstance0(Native Method)&#13;
java.base/jdk.internal.reflect.NativeConstructorAccessorImpl.newInstance(NativeConstructorAccessorImpl.java:62)&#13;
java.base/jdk.internal.reflect.DelegatingConstructorAccessorImpl.newInstance(DelegatingConstructorAccessorImpl.java:45)&#13;
ElefantTestWebSite.pages.TabMenuResultPage.clickOneElementParfum(TabMenuResultPage.java:27)&#13;
ElefantTestWebSite.steps.serenity.TabMenuSteps.clickFirstElementParfum(TabMenuSteps.java:107)&#13;
ElefantTestWebSite.features.search.scenarioTests.CartScenarioTests.cartScenarioTest(CartScenarioTests.java:37)&#13;
java.base/jdk.internal.reflect.NativeMethodAccessorImpl.invoke0(Native Method)&#13;
java.base/jdk.internal.reflect.NativeMethodAccessorImpl.invoke(NativeMethodAccessorImpl.java:62)&#13;
java.base/jdk.internal.reflect.DelegatingMethodAccessorImpl.invoke(DelegatingMethodAccessorImpl.java:43)&#13;
</system-err></testcase></testsuite>