<?xml version="1.0" encoding="UTF-8"?><testsuite errors="0" failures="0" name="ElefantTestWebSite.features.search.functionTourTests.SearchFunctionTourTests" skipped="0" tests="5" time="88.57" timestamp="2019-05-05T19:16:55.465516600+03:00[Europe/Athens]"><testcase classname="ElefantTestWebSite.features.search.functionTourTests.SearchFunctionTourTests" name="Search string with length1"/><testcase classname="ElefantTestWebSite.features.search.functionTourTests.SearchFunctionTourTests" name="Search string with length2"/><testcase classname="ElefantTestWebSite.features.search.functionTourTests.SearchFunctionTourTests" name="Search by huge string"/><testcase classname="ElefantTestWebSite.features.search.functionTourTests.SearchFunctionTourTests" name="Searching string with special characters"/><testcase classname="ElefantTestWebSite.features.search.functionTourTests.SearchFunctionTourTests" name="Search by empty string"/></testsuite>