<?xml version="1.0" encoding="UTF-8"?><testsuite errors="0" failures="0" name="ElefantTestWebSite.features.search.functionTourTests.TabMenuFunctionTourTests" skipped="0" tests="2" time="28.07" timestamp="2019-05-05T19:19:11.387105600+03:00[Europe/Athens]"><testcase classname="ElefantTestWebSite.features.search.functionTourTests.TabMenuFunctionTourTests" name="Click on tab w ith no name"/><testcase classname="ElefantTestWebSite.features.search.functionTourTests.TabMenuFunctionTourTests" name="Click tab menu and item valid"/></testsuite>