<?xml version="1.0" encoding="UTF-8"?><testsuite errors="0" failures="0" name="ElefantTestWebSite.features.search.quickTests.LoginQuickTests" skipped="0" tests="3" time="32.27" timestamp="2019-04-21T22:20:41.630342400+03:00[Europe/Athens]"><testcase classname="ElefantTestWebSite.features.search.quickTests.LoginQuickTests" name="Searching by invalid email"/><testcase classname="ElefantTestWebSite.features.search.quickTests.LoginQuickTests" name="Searching by invalid account"/><testcase classname="ElefantTestWebSite.features.search.quickTests.LoginQuickTests" name="Searching by empty string"/></testsuite>