<?xml version="1.0" encoding="UTF-8"?><testsuite errors="0" failures="0" name="ElefantTestWebSite.features.search.functionTourTests.SearchFunctionTourTests" skipped="0" tests="5" time="96.7" timestamp="2019-04-23T23:01:14.735521500+03:00[Europe/Athens]"><testcase classname="ElefantTestWebSite.features.search.functionTourTests.SearchFunctionTourTests" name="Searching string with special characters"/><testcase classname="ElefantTestWebSite.features.search.functionTourTests.SearchFunctionTourTests" name="Searching by huge string"/><testcase classname="ElefantTestWebSite.features.search.functionTourTests.SearchFunctionTourTests" name="Searching string with length1"/><testcase classname="ElefantTestWebSite.features.search.functionTourTests.SearchFunctionTourTests" name="Searching string with length2"/><testcase classname="ElefantTestWebSite.features.search.functionTourTests.SearchFunctionTourTests" name="Searching by empty string"/></testsuite>