<?xml version="1.0" encoding="UTF-8"?><testsuite errors="0" failures="0" name="ElefantTestWebSite.features.search.functionTourTests.LoginFunctionTourTests" skipped="0" tests="7" time="79.83" timestamp="2019-05-05T19:14:25.109354500+03:00[Europe/Athens]"><testcase classname="ElefantTestWebSite.features.search.functionTourTests.LoginFunctionTourTests" name="Login with email with length1"/><testcase classname="ElefantTestWebSite.features.search.functionTourTests.LoginFunctionTourTests" name="Login with invalid email"/><testcase classname="ElefantTestWebSite.features.search.functionTourTests.LoginFunctionTourTests" name="Login with password with length1"/><testcase classname="ElefantTestWebSite.features.search.functionTourTests.LoginFunctionTourTests" name="Login with invalid account"/><testcase classname="ElefantTestWebSite.features.search.functionTourTests.LoginFunctionTourTests" name="Login with valid account"/><testcase classname="ElefantTestWebSite.features.search.functionTourTests.LoginFunctionTourTests" name="Login with empty email"/><testcase classname="ElefantTestWebSite.features.search.functionTourTests.LoginFunctionTourTests" name="Login with empty password"/></testsuite>