<?xml version="1.0" encoding="UTF-8"?><testsuite errors="0" failures="0" name="ElefantTestWebSite.features.search.functionTourTests.CartFunctionTourTests" skipped="0" tests="2" time="29.91" timestamp="2019-05-05T19:13:27.329141700+03:00[Europe/Athens]"><testcase classname="ElefantTestWebSite.features.search.functionTourTests.CartFunctionTourTests" name="Add item to cart VALID"/><testcase classname="ElefantTestWebSite.features.search.functionTourTests.CartFunctionTourTests" name="Click twice but appear once"/></testsuite>